
****************************************************************
****************************************************************
**                                                            **
**                                                            **
**        CCC     OO      SSS    M    M     OO      SSS       **
**       C       O  O    S       MM  MM    O  O    S          **
**       C       O  O     SS     M MM M    O  O     SS        **
**       C       O  O       S    M    M    O  O       S       **
**        CCC     OO     SSS     M    M     OO     SSS        **
**                                                            **
**                                                            **
**                   Simulations  V2021-B3                    **
**                 SOLIDWORKS Premium Package                 **
**           Distributed By: SOLIDWORKS Corporation           **
**               6320 Canoga Avenue, Suite 300                **
**               Woodland Hills, California 91367             **
**               Telephone Number (818)673-2200               **
**         Copyright 1988-2018 SOLIDWORKS Corporation         **
**                                                            **
****************************************************************
****************************************************************

Problem name: D:\MGTU\§¯§ª§²§³\NIRS-HUIRS\§¯§ª§²§³\§²§
Date        : 02/23/2025     Time:   19:53:13


 SYSTEM OF UNITS:
 International System of Units, SI, is used for all input/output data.
 Common Quantities:
 Length:meter, Mass:kilogram, Time:second, Temperature:kelvin
 Force:newton, Pressure also stress:pascal, Energy:joule, Power:watt

 NUMBER OF PHYSICAL CORES USED TO RUN SIMULATION:  4

  C O N T R O L  I N F O R M A T I O N                  

   CURRENT RESTRAINT SET . . . . . . . . . . . (BC_SET)  =           1

   NUMBER OF LOAD CASES  . . . . . . . . . . . (NLCASE)  =           1
   SOLUTION MODE . . . . . . . . . . . . . . . (MODEX)   =           0
      EQ. 0, STATIC ANALYSIS                              
      EQ. 1, BUCKLING ANALYSIS                            
      EQ. 2, DYNAMIC ANALYSIS                             
      EQ. 3, DROP TEST                                    

   SOLVER TYPE . . . . . . . . . . . . . . . . .(ISOL)   =           2
      EQ. 0, DIRECT SPARSE SOLVER                         
      EQ. 1, DIRECT SKYLINE SOLVER                        
      EQ. 2, ITERATIVE SOLVER                             
      EQ. 3, EXPLICIT INTEGRATION                         
      EQ. 4, LARGE PROBLEM DIRECT SPARSE SOLVER           
      EQ. 5, INTEL DIRECT SPARSE SOLVER                   
      EQ. 6, INTEL NETWORK SPARSE SOLVER                  

   ITERATIVE SOLUTION MODE . . . . . . . . . . (IMODE)   =           1
      EQ. 1, GENERAL                                      
      EQ. 2, MEMORY SAVER (FOR TETRA10)                   
      EQ. 3, ULTRA-MEMORY SAVER (FOR TETRA10)             

   SOLVER CONVERGENCE TOLERANCE  . . . . . . . (CONVR)   =   0.100E-05

   THERMAL LOADING FLAG . . . . . . . . . . . .(ITHERM)  =           0
      EQ. 0, NO THERMAL EFFECTS CONSIDERED                
      EQ. 1, ADD TEMPERATURE EFFECT                       
   GRAVITY LOADING FLAG . . . . . . . . . . . .(IGRAV)   =           0
      EQ. 0, NO GRAVITY LOADING CONSIDERED                
      EQ. 1, ADD GRAVITY LOADING EFFECT                   
   CENTRIFUGAL LOADING FLAG . . . . . . . . . .(ICNTRF)  =           0
      EQ. 0, NO CENTRIFUGAL LOADING CONSIDERED            
      EQ. 1, ADD CENTRIFUGAL LOADING EFFECT               
   IN-PLANE STIFFENING FLAG . . . . . . . . . .(INPLN)   =           0
      EQ. 0, NO IN-PLANE EFFECTS CONSIDERED               
      EQ. 1, IN-PLANE EFFECTS CONSIDERED                  
   SOFT SPRING ADDITION FLAG . . . . . . . . . (ISOFT)   =           0
      EQ. 0, NO SOFT SPRING OPTION                        
      EQ. 1, SOFT SPRING ADDED                            

   SAVE DECOMPOSED STIFFNESS MATRIX FLAG . . . (ISAVK)   =           0
      EQ. 0, DO NOT SAVE DECOMPOSED K                     
      EQ. 1, SAVE DECOMPOSED K                            
   FORM STIFFNESS MATRIX FLAG . . . . . . . . .(IFORMK)  =           0
      EQ. 0, FORM STIFFNESS MATRIX                        
      EQ. 1, USE EXISTING DECOMPOSED STIFFNESS MATRIX     

   SPIN SOFTENING FLAG . . . . . . . . . . . . (ISPIN)   =           0
      EQ. 0, NO SPIN SOFTENING EFFECTS CONSIDERED         
      EQ. 1, SPIN SOFTENING EFFECTS CONSIDERED            
   INERTIA RELIEF FLAG  . . . . . . . . . . . .(IFORMK)  =           0
      EQ. 0, NO INERITA RELIEF EFFECTS CONSIDERED         
      EQ. 1, INERITA RELIEF EFFECTS CONSIDERED            
   RIGID CONNECTIONS FLAG  . . . . . . . . . . (IRIGID)  =           0
      EQ. 0, HINGE CONNECTIONS BETWEEN SOLIDS & SHELLS    
      EQ. 1, RIGID CONNECTIONS BETWEEN SOLIDS & SHELLS    


  T O T A L  S Y S T E M  D A T A                        
   NUMBER OF EQUATIONS . . . . . . . . . . . . . .(NEQ)  =       12321
   NUMBER OF ELEMENTS. . . . . . . . . . . . . . .(NUME) =       18424
   NUMBER OF NODAL POINTS. . . . . . . . . . . . .(NUMNP)=        4232




************************************************************************
    D I S P L A C E M E N T     P R I N T O U T    (LOAD CASE     1)
************************************************************************




************************************************************************
    D I S P L A C E M E N T     P R I N T O U T    (LOAD CASE     1)
************************************************************************


  STATUS OF THERMAL EFFECTS FOR THIS LOAD CASE:
  ---------------------------------------------

    - Thermal flag is off (no thermal effect)



  S O L U T I O N   T I M E   L O G   I N   S E C
            FOR PROBLEM
     TIME FOR INPUT PHASE  . . . . . . . . . . . . . . =       1
     TIME FOR CALCULATION OF STRUCTURE STIFFNESS MATRIX=       0
     TIME FOR FFEPLUS (PCG ITERATIVE) SOLVER . . . . . =       1

     TIME FOR AL CONTACT OPERATIONS (Prep) . . . . . . =       0
     ***** CONTACT ITERATION NUMBER ***** . . . . =       1
     TIME FOR AL CONTACT OPERATIONS (Multiplier) . . . =       0
     TIME FOR FFEPLUS (PCG ITERATIVE) SOLVER (Prep) . .=       0
     TIME FOR CALCULATION OF STRUCTURE STIFFNESS MATRIX=       0
     TIME FOR AL CONTACT OPERATIONS (Force) . . . . . .=       0
     TIME FOR FFEPLUS (PCG ITERATIVE) SOLVER . . . . . =       1
     TIME FOR AL CONTACT OPERATIONS (Convrg check) . . =       0

     ***** CONTACT ITERATION NUMBER ***** . . . . =       2
     TIME FOR AL CONTACT OPERATIONS (Multiplier) . . . =       0
     TIME FOR FFEPLUS (PCG ITERATIVE) SOLVER (Prep) . .=       0
     TIME FOR CALCULATION OF STRUCTURE STIFFNESS MATRIX=       0
     TIME FOR AL CONTACT OPERATIONS (Force) . . . . . .=       0
     TIME FOR FFEPLUS (PCG ITERATIVE) SOLVER . . . . . =       1
     TIME FOR AL CONTACT OPERATIONS (Convrg check) . . =       0

     ***** CONTACT ITERATION NUMBER ***** . . . . =       3
     TIME FOR AL CONTACT OPERATIONS (Multiplier) . . . =       0
     TIME FOR FFEPLUS (PCG ITERATIVE) SOLVER (Prep) . .=       0
     TIME FOR CALCULATION OF STRUCTURE STIFFNESS MATRIX=       0
     TIME FOR AL CONTACT OPERATIONS (Force) . . . . . .=       0
     TIME FOR FFEPLUS (PCG ITERATIVE) SOLVER . . . . . =       1
     TIME FOR AL CONTACT OPERATIONS (Convrg check) . . =       0

     ***** CONTACT ITERATION NUMBER ***** . . . . =       4
     TIME FOR AL CONTACT OPERATIONS (Multiplier) . . . =       0
     TIME FOR FFEPLUS (PCG ITERATIVE) SOLVER (Prep) . .=       0
     TIME FOR CALCULATION OF STRUCTURE STIFFNESS MATRIX=       0
     TIME FOR AL CONTACT OPERATIONS (Force) . . . . . .=       0
     TIME FOR FFEPLUS (PCG ITERATIVE) SOLVER . . . . . =       1
     TIME FOR AL CONTACT OPERATIONS (Convrg check) . . =       0

     ***** CONTACT ITERATION NUMBER ***** . . . . =       5
     TIME FOR AL CONTACT OPERATIONS (Multiplier) . . . =       0
     TIME FOR FFEPLUS (PCG ITERATIVE) SOLVER (Prep) . .=       0
     TIME FOR CALCULATION OF STRUCTURE STIFFNESS MATRIX=       0
     TIME FOR AL CONTACT OPERATIONS (Force) . . . . . .=       0
     TIME FOR FFEPLUS (PCG ITERATIVE) SOLVER . . . . . =       1
     TIME FOR AL CONTACT OPERATIONS (Convrg check) . . =       0

     ***** CONTACT ITERATION NUMBER ***** . . . . =       6
     TIME FOR AL CONTACT OPERATIONS (Multiplier) . . . =       0
     TIME FOR FFEPLUS (PCG ITERATIVE) SOLVER (Prep) . .=       0
     TIME FOR CALCULATION OF STRUCTURE STIFFNESS MATRIX=       0
     TIME FOR AL CONTACT OPERATIONS (Force) . . . . . .=       0
     TIME FOR FFEPLUS (PCG ITERATIVE) SOLVER . . . . . =       1
     TIME FOR AL CONTACT OPERATIONS (Convrg check) . . =       0

     ***** CONTACT ITERATION NUMBER ***** . . . . =       7
     TIME FOR AL CONTACT OPERATIONS (Multiplier) . . . =       0
     TIME FOR FFEPLUS (PCG ITERATIVE) SOLVER (Prep) . .=       0
     TIME FOR CALCULATION OF STRUCTURE STIFFNESS MATRIX=       0
     TIME FOR AL CONTACT OPERATIONS (Force) . . . . . .=       0
     TIME FOR FFEPLUS (PCG ITERATIVE) SOLVER . . . . . =       1
     TIME FOR AL CONTACT OPERATIONS (Convrg check) . . =       0

     ***** CONTACT ITERATION NUMBER ***** . . . . =       8
     TIME FOR AL CONTACT OPERATIONS (Multiplier) . . . =       0
     TIME FOR FFEPLUS (PCG ITERATIVE) SOLVER (Prep) . .=       0
     TIME FOR CALCULATION OF STRUCTURE STIFFNESS MATRIX=       0
     TIME FOR AL CONTACT OPERATIONS (Force) . . . . . .=       0
     TIME FOR FFEPLUS (PCG ITERATIVE) SOLVER . . . . . =       1
     TIME FOR AL CONTACT OPERATIONS (Convrg check) . . =       0

     ***** CONTACT ITERATION NUMBER ***** . . . . =       9
     TIME FOR AL CONTACT OPERATIONS (Multiplier) . . . =       0
     TIME FOR FFEPLUS (PCG ITERATIVE) SOLVER (Prep) . .=       0
     TIME FOR CALCULATION OF STRUCTURE STIFFNESS MATRIX=       0
     TIME FOR AL CONTACT OPERATIONS (Force) . . . . . .=       0
     TIME FOR FFEPLUS (PCG ITERATIVE) SOLVER . . . . . =       1
     TIME FOR AL CONTACT OPERATIONS (Convrg check) . . =       0

     ***** CONTACT ITERATION NUMBER ***** . . . . =      10
     TIME FOR AL CONTACT OPERATIONS (Multiplier) . . . =       0
     TIME FOR AL CONTACT OPERATIONS (Convrg check) . . =       0

     TIME FOR AL CONTACT OPERATIONS (Update) . . . . . =       0

   FORCES ON THE ACTIVE CONTACT ELEMENT(S)
   ELEMENT   NODE   TARGET      FX           FY           FZ       NORMAL FORCE
   17845     3402     1494   0.0000E+00  -0.8939E+01   0.0000E+00   0.8939E+01
   17845     3995     1494   0.0000E+00  -0.2587E+02   0.0000E+00   0.2587E+02
   17845     3998     1494   0.0000E+00  -0.1973E+02   0.0000E+00   0.1973E+02
   17883     3954     1549   0.0000E+00  -0.4254E+01   0.0000E+00   0.4254E+01
   17883     3949     1549   0.0000E+00  -0.4240E+01   0.0000E+00   0.4240E+01
   17883     3950     1549   0.0000E+00  -0.3697E+02   0.0000E+00   0.3697E+02
   17912     3954     1549   0.0000E+00  -0.2427E+00   0.0000E+00   0.2427E+00
   17912     3950     1549   0.0000E+00  -0.5817E+00   0.0000E+00   0.5817E+00
   17912     3955     1549   0.0000E+00  -0.4425E+00   0.0000E+00   0.4425E+00
   17922     4002     1515   0.0000E+00  -0.7404E+01   0.0000E+00   0.7404E+01
   17922     4003     1515   0.0000E+00  -0.6456E+02   0.0000E+00   0.6456E+02
   17922     3997     1515   0.0000E+00  -0.7383E+01   0.0000E+00   0.7383E+01
   18009     3945     1568   0.0000E+00  -0.7645E+02   0.0000E+00   0.7645E+02
   18009     3950     1568   0.0000E+00  -0.6303E+02   0.0000E+00   0.6303E+02
   18009     3949     1568   0.0000E+00  -0.2749E+02   0.0000E+00   0.2749E+02
   18034     4007     1493   0.0000E+00  -0.7127E-02   0.0000E+00   0.7127E-02
   18034     4008     1493   0.0000E+00  -0.3920E-01   0.0000E+00   0.3920E-01
   18034     4002     1493   0.0000E+00  -0.3564E-02   0.0000E+00   0.3564E-02
   18068     3945     1565   0.0000E+00  -0.5840E+02   0.0000E+00   0.5840E+02
   18068     3949     1565   0.0000E+00  -0.7921E+01   0.0000E+00   0.7921E+01
   18068     3944     1565   0.0000E+00  -0.6015E+01   0.0000E+00   0.6015E+01
   18075     3402     1428   0.0000E+00  -0.6140E+02   0.0000E+00   0.6140E+02
   18075     3401     1428   0.0000E+00  -0.1298E+03   0.0000E+00   0.1298E+03
   18075     3995     1428   0.0000E+00  -0.1859E+03   0.0000E+00   0.1859E+03
   18083     3945     1438   0.0000E+00  -0.6970E+01   0.0000E+00   0.6970E+01
   18083     3942     1438   0.0000E+00  -0.1057E+02   0.0000E+00   0.1057E+02
   18083     3400     1438   0.0000E+00  -0.4616E+01   0.0000E+00   0.4616E+01
   18084     3400     1425   0.0000E+00  -0.7733E+02   0.0000E+00   0.7733E+02
   18084     3942     1425   0.0000E+00  -0.2000E+03   0.0000E+00   0.2000E+03
   18084     3401     1425   0.0000E+00  -0.1350E+03   0.0000E+00   0.1350E+03
   18086     3995     1417   0.0000E+00  -0.4342E+02   0.0000E+00   0.4342E+02
   18086     3401     1417   0.0000E+00  -0.1047E+03   0.0000E+00   0.1047E+03
   18086     3940     1417   0.0000E+00  -0.1662E+02   0.0000E+00   0.1662E+02
   18087     3940     1420   0.0000E+00  -0.1403E+02   0.0000E+00   0.1403E+02
   18087     3401     1420   0.0000E+00  -0.8812E+02   0.0000E+00   0.8812E+02
   18087     3942     1420   0.0000E+00  -0.3710E+02   0.0000E+00   0.3710E+02
   18096     3998     1494   0.0000E+00  -0.2419E+03   0.0000E+00   0.2419E+03
   18096     3995     1494   0.0000E+00  -0.8408E+02   0.0000E+00   0.8408E+02
   18096     3997     1494   0.0000E+00  -0.3401E+02   0.0000E+00   0.3401E+02
   18097     3997     1515   0.0000E+00  -0.9446E+01   0.0000E+00   0.9446E+01
   18097     4003     1515   0.0000E+00  -0.2252E+02   0.0000E+00   0.2252E+02
   18097     3998     1515   0.0000E+00  -0.1746E+02   0.0000E+00   0.1746E+02
   18099     3942     1438   0.0000E+00  -0.4269E+02   0.0000E+00   0.4269E+02
   18099     3945     1438   0.0000E+00  -0.1123E+03   0.0000E+00   0.1123E+03
   18099     3944     1438   0.0000E+00  -0.1738E+02   0.0000E+00   0.1738E+02
   TOTAL                     0.0000E+00  -0.2117E+04   0.0000E+00   0.2117E+04

   TOTAL NUMBER OF ACTIVE CONTACT ELEMENT(S) =    15

     TIME FOR AL CONTACT OPERATIONS (Results) . . . . .=       0


             D I S P L A C E M E N T S

     NODE X-DISPL.     Y-DISPL.     Z-DISPL.     XX-ROT.      YY-ROT.      ZZ-ROT.


 MINIMUM/MAXIMUM DISPLACEMENTS

  NODE      3918         3924         3609            0            0            0
  MIN.  -1.85947E-05 -2.79595E-04 -8.58224E-04   0.0000       0.0000       0.0000    

  NODE      3906         3431          313            0            0            0
  MAX.   1.79724E-05  1.52671E-04  7.77020E-07   0.0000       0.0000       0.0000    

 MAXIMUM RESULTANT DISPLACEMENT

  NODE      3439
  MAX.   8.70606E-04




********************************************************************************
         R E A C T I O N   F O R C E   F O R   LOAD CASE NO.  1
********************************************************************************

    NODE CSYS    Fx         Fy         Fz         Mx         My         Mz

 FOR REQUESTED                 (Global Cartesian Coord. System)
    NODES         FX         FY         FZ         MX         MY         MZ
 Total React. -.1907E-04 0.1000E+04 0.1000E+04 0.0000E+00 0.0000E+00 0.0000E+00
  



********************************************************************************
 MAXIMUM NODAL VON MISES STRESS & ERROR ESTIMATE FOR LOAD CASE   1
********************************************************************************

  NODE       361
  MAX.     0.19418E+09



   E R R O R    E S T I M A T I O N
   (for requested elements)

   Total Strain Energy (TSE)        =  0.436499E+00
   Total Error Energy (TEE)         =  0.264683E+00
   Ave. Percentage Error (APE)      =  0.482339E+02
     ( APE =  sqrt (TEE/(TSE*2. + TEE)) * 100. )

  S O L U T I O N   T I M E   L O G   I N   S E C
            FOR PROBLEM
     TIME FOR INPUT PHASE  . . . . . . . . . . . . . . =       1
     TIME FOR CALCULATION OF STRUCTURE STIFFNESS MATRIX=       0
     TIME FOR FFEPLUS (PCG ITERATIVE) SOLVER . . . . . =      12
     TIME FOR AL CONTACT (AND/OR LARGE DISP) OPERATIONS=       0
     TIME FOR REACTION FORCE & DISP UPDATE TO POST . . =       0
     TIME FOR STRESS CALCULATION . . . . . . . . . . . =       0
     TIME FOR LOAD CASE SOLUTIONS  . . . . . . . . . . =       0
      T O T A L   S O L U T I O N   T I M E  . . . . . =      14



T O T A L   S O L U T I O N   T I M E (sec) . . . . =      14
