
****************************************************************
****************************************************************
**                                                            **
**                                                            **
**        CCC     OO      SSS    M    M     OO      SSS       **
**       C       O  O    S       MM  MM    O  O    S          **
**       C       O  O     SS     M MM M    O  O     SS        **
**       C       O  O       S    M    M    O  O       S       **
**        CCC     OO     SSS     M    M     OO     SSS        **
**                                                            **
**                                                            **
**                   Simulations  V2021-B3                    **
**                 SOLIDWORKS Premium Package                 **
**           Distributed By: SOLIDWORKS Corporation           **
**               6320 Canoga Avenue, Suite 300                **
**               Woodland Hills, California 91367             **
**               Telephone Number (818)673-2200               **
**         Copyright 1988-2018 SOLIDWORKS Corporation         **
**                                                            **
****************************************************************
****************************************************************

Problem name: D:\MGTU\§¯§ª§²§³\NIRS-HUIRS\§¯§ª§²§³\§²§
Date        : 02/23/2025     Time:   19:36:03


 SYSTEM OF UNITS:
 International System of Units, SI, is used for all input/output data.
 Common Quantities:
 Length:meter, Mass:kilogram, Time:second, Temperature:kelvin
 Force:newton, Pressure also stress:pascal, Energy:joule, Power:watt

 NUMBER OF PHYSICAL CORES USED TO RUN SIMULATION:  4

  C O N T R O L  I N F O R M A T I O N                  

   CURRENT RESTRAINT SET . . . . . . . . . . . (BC_SET)  =           1

   NUMBER OF LOAD CASES  . . . . . . . . . . . (NLCASE)  =           1
   SOLUTION MODE . . . . . . . . . . . . . . . (MODEX)   =           0
      EQ. 0, STATIC ANALYSIS                              
      EQ. 1, BUCKLING ANALYSIS                            
      EQ. 2, DYNAMIC ANALYSIS                             
      EQ. 3, DROP TEST                                    

   SOLVER TYPE . . . . . . . . . . . . . . . . .(ISOL)   =           2
      EQ. 0, DIRECT SPARSE SOLVER                         
      EQ. 1, DIRECT SKYLINE SOLVER                        
      EQ. 2, ITERATIVE SOLVER                             
      EQ. 3, EXPLICIT INTEGRATION                         
      EQ. 4, LARGE PROBLEM DIRECT SPARSE SOLVER           
      EQ. 5, INTEL DIRECT SPARSE SOLVER                   
      EQ. 6, INTEL NETWORK SPARSE SOLVER                  

   ITERATIVE SOLUTION MODE . . . . . . . . . . (IMODE)   =           1
      EQ. 1, GENERAL                                      
      EQ. 2, MEMORY SAVER (FOR TETRA10)                   
      EQ. 3, ULTRA-MEMORY SAVER (FOR TETRA10)             

   SOLVER CONVERGENCE TOLERANCE  . . . . . . . (CONVR)   =   0.100E-05

   THERMAL LOADING FLAG . . . . . . . . . . . .(ITHERM)  =           0
      EQ. 0, NO THERMAL EFFECTS CONSIDERED                
      EQ. 1, ADD TEMPERATURE EFFECT                       
   GRAVITY LOADING FLAG . . . . . . . . . . . .(IGRAV)   =           0
      EQ. 0, NO GRAVITY LOADING CONSIDERED                
      EQ. 1, ADD GRAVITY LOADING EFFECT                   
   CENTRIFUGAL LOADING FLAG . . . . . . . . . .(ICNTRF)  =           0
      EQ. 0, NO CENTRIFUGAL LOADING CONSIDERED            
      EQ. 1, ADD CENTRIFUGAL LOADING EFFECT               
   IN-PLANE STIFFENING FLAG . . . . . . . . . .(INPLN)   =           0
      EQ. 0, NO IN-PLANE EFFECTS CONSIDERED               
      EQ. 1, IN-PLANE EFFECTS CONSIDERED                  
   SOFT SPRING ADDITION FLAG . . . . . . . . . (ISOFT)   =           0
      EQ. 0, NO SOFT SPRING OPTION                        
      EQ. 1, SOFT SPRING ADDED                            

   SAVE DECOMPOSED STIFFNESS MATRIX FLAG . . . (ISAVK)   =           0
      EQ. 0, DO NOT SAVE DECOMPOSED K                     
      EQ. 1, SAVE DECOMPOSED K                            
   FORM STIFFNESS MATRIX FLAG . . . . . . . . .(IFORMK)  =           0
      EQ. 0, FORM STIFFNESS MATRIX                        
      EQ. 1, USE EXISTING DECOMPOSED STIFFNESS MATRIX     

   SPIN SOFTENING FLAG . . . . . . . . . . . . (ISPIN)   =           0
      EQ. 0, NO SPIN SOFTENING EFFECTS CONSIDERED         
      EQ. 1, SPIN SOFTENING EFFECTS CONSIDERED            
   INERTIA RELIEF FLAG  . . . . . . . . . . . .(IFORMK)  =           0
      EQ. 0, NO INERITA RELIEF EFFECTS CONSIDERED         
      EQ. 1, INERITA RELIEF EFFECTS CONSIDERED            
   RIGID CONNECTIONS FLAG  . . . . . . . . . . (IRIGID)  =           0
      EQ. 0, HINGE CONNECTIONS BETWEEN SOLIDS & SHELLS    
      EQ. 1, RIGID CONNECTIONS BETWEEN SOLIDS & SHELLS    


  T O T A L  S Y S T E M  D A T A                        
   NUMBER OF EQUATIONS . . . . . . . . . . . . . .(NEQ)  =       10227
   NUMBER OF ELEMENTS. . . . . . . . . . . . . . .(NUME) =       16568
   NUMBER OF NODAL POINTS. . . . . . . . . . . . .(NUMNP)=        3519




************************************************************************
    D I S P L A C E M E N T     P R I N T O U T    (LOAD CASE     1)
************************************************************************




************************************************************************
    D I S P L A C E M E N T     P R I N T O U T    (LOAD CASE     1)
************************************************************************


  STATUS OF THERMAL EFFECTS FOR THIS LOAD CASE:
  ---------------------------------------------

    - Thermal flag is off (no thermal effect)



  S O L U T I O N   T I M E   L O G   I N   S E C
            FOR PROBLEM
     TIME FOR INPUT PHASE  . . . . . . . . . . . . . . =       1
     TIME FOR CALCULATION OF STRUCTURE STIFFNESS MATRIX=       0
     TIME FOR FFEPLUS (PCG ITERATIVE) SOLVER . . . . . =       1

     TIME FOR AL CONTACT OPERATIONS (Prep) . . . . . . =       0
     ***** CONTACT ITERATION NUMBER ***** . . . . =       1
     TIME FOR AL CONTACT OPERATIONS (Multiplier) . . . =       0
     TIME FOR FFEPLUS (PCG ITERATIVE) SOLVER (Prep) . .=       0
     TIME FOR CALCULATION OF STRUCTURE STIFFNESS MATRIX=       0
     TIME FOR AL CONTACT OPERATIONS (Force) . . . . . .=       0
     TIME FOR FFEPLUS (PCG ITERATIVE) SOLVER . . . . . =       0
     TIME FOR AL CONTACT OPERATIONS (Convrg check) . . =       0

     ***** CONTACT ITERATION NUMBER ***** . . . . =       2
     TIME FOR AL CONTACT OPERATIONS (Multiplier) . . . =       0
     TIME FOR FFEPLUS (PCG ITERATIVE) SOLVER (Prep) . .=       0
     TIME FOR CALCULATION OF STRUCTURE STIFFNESS MATRIX=       0
     TIME FOR AL CONTACT OPERATIONS (Force) . . . . . .=       0
     TIME FOR FFEPLUS (PCG ITERATIVE) SOLVER . . . . . =       0
     TIME FOR AL CONTACT OPERATIONS (Convrg check) . . =       0

     ***** CONTACT ITERATION NUMBER ***** . . . . =       3
     TIME FOR AL CONTACT OPERATIONS (Multiplier) . . . =       0
     TIME FOR FFEPLUS (PCG ITERATIVE) SOLVER (Prep) . .=       0
     TIME FOR CALCULATION OF STRUCTURE STIFFNESS MATRIX=       0
     TIME FOR AL CONTACT OPERATIONS (Force) . . . . . .=       0
     TIME FOR FFEPLUS (PCG ITERATIVE) SOLVER . . . . . =       0
     TIME FOR AL CONTACT OPERATIONS (Convrg check) . . =       0

     ***** CONTACT ITERATION NUMBER ***** . . . . =       4
     TIME FOR AL CONTACT OPERATIONS (Multiplier) . . . =       0
     TIME FOR FFEPLUS (PCG ITERATIVE) SOLVER (Prep) . .=       0
     TIME FOR CALCULATION OF STRUCTURE STIFFNESS MATRIX=       0
     TIME FOR AL CONTACT OPERATIONS (Force) . . . . . .=       0
     TIME FOR FFEPLUS (PCG ITERATIVE) SOLVER . . . . . =       0
     TIME FOR AL CONTACT OPERATIONS (Convrg check) . . =       0

     ***** CONTACT ITERATION NUMBER ***** . . . . =       5
     TIME FOR AL CONTACT OPERATIONS (Multiplier) . . . =       0
     TIME FOR FFEPLUS (PCG ITERATIVE) SOLVER (Prep) . .=       0
     TIME FOR CALCULATION OF STRUCTURE STIFFNESS MATRIX=       0
     TIME FOR AL CONTACT OPERATIONS (Force) . . . . . .=       0
     TIME FOR FFEPLUS (PCG ITERATIVE) SOLVER . . . . . =       0
     TIME FOR AL CONTACT OPERATIONS (Convrg check) . . =       0

     ***** CONTACT ITERATION NUMBER ***** . . . . =       6
     TIME FOR AL CONTACT OPERATIONS (Multiplier) . . . =       0
     TIME FOR FFEPLUS (PCG ITERATIVE) SOLVER (Prep) . .=       0
     TIME FOR CALCULATION OF STRUCTURE STIFFNESS MATRIX=       0
     TIME FOR AL CONTACT OPERATIONS (Force) . . . . . .=       0
     TIME FOR FFEPLUS (PCG ITERATIVE) SOLVER . . . . . =       1
     TIME FOR AL CONTACT OPERATIONS (Convrg check) . . =       0

     ***** CONTACT ITERATION NUMBER ***** . . . . =       7
     TIME FOR AL CONTACT OPERATIONS (Multiplier) . . . =       0
     TIME FOR FFEPLUS (PCG ITERATIVE) SOLVER (Prep) . .=       0
     TIME FOR CALCULATION OF STRUCTURE STIFFNESS MATRIX=       0
     TIME FOR AL CONTACT OPERATIONS (Force) . . . . . .=       0
     TIME FOR FFEPLUS (PCG ITERATIVE) SOLVER . . . . . =       1
     TIME FOR AL CONTACT OPERATIONS (Convrg check) . . =       0

     ***** CONTACT ITERATION NUMBER ***** . . . . =       8
     TIME FOR AL CONTACT OPERATIONS (Multiplier) . . . =       0
     TIME FOR FFEPLUS (PCG ITERATIVE) SOLVER (Prep) . .=       0
     TIME FOR CALCULATION OF STRUCTURE STIFFNESS MATRIX=       0
     TIME FOR AL CONTACT OPERATIONS (Force) . . . . . .=       0
     TIME FOR FFEPLUS (PCG ITERATIVE) SOLVER . . . . . =       1
     TIME FOR AL CONTACT OPERATIONS (Convrg check) . . =       0

     TIME FOR AL CONTACT OPERATIONS (Update) . . . . . =       0

   FORCES ON THE ACTIVE CONTACT ELEMENT(S)
   ELEMENT   NODE   TARGET      FX           FY           FZ       NORMAL FORCE
   15454      350      420   0.0000E+00   0.2314E+02   0.0000E+00   0.2314E+02
   15454      389      420   0.0000E+00   0.1202E+01   0.0000E+00   0.1202E+01
   15454      386      420   0.0000E+00   0.3028E+01   0.0000E+00   0.3028E+01
   15461      422      345   0.0000E+00   0.3227E+00   0.0000E+00   0.3227E+00
   15461      339      345   0.0000E+00   0.6335E+01   0.0000E+00   0.6335E+01
   15461      340      345   0.0000E+00   0.5003E+00   0.0000E+00   0.5003E+00
   15467      167      411   0.0000E+00   0.6033E+02   0.0000E+00   0.6033E+02
   15467      345      411   0.0000E+00   0.2565E+03   0.0000E+00   0.2565E+03
   15467      346      411   0.0000E+00   0.2266E+03   0.0000E+00   0.2266E+03
   15473      346      405   0.0000E+00   0.1893E+03   0.0000E+00   0.1893E+03
   15473      347      405   0.0000E+00   0.1808E+03   0.0000E+00   0.1808E+03
   15473      168      405   0.0000E+00   0.5527E+02   0.0000E+00   0.5527E+02
   15479      349      440   0.0000E+00   0.1726E+03   0.0000E+00   0.1726E+03
   15479      383      440   0.0000E+00   0.7114E+02   0.0000E+00   0.7114E+02
   15479      348      440   0.0000E+00   0.1739E+03   0.0000E+00   0.1739E+03
   15480      336      440   0.0000E+00   0.8185E+00   0.0000E+00   0.8185E+00
   15480      348      440   0.0000E+00   0.1344E+02   0.0000E+00   0.1344E+02
   15480      383      440   0.0000E+00   0.1695E+01   0.0000E+00   0.1695E+01
   15502      351      428   0.0000E+00   0.2631E+02   0.0000E+00   0.2631E+02
   15502      352      428   0.0000E+00   0.2060E+01   0.0000E+00   0.2060E+01
   15502      392      428   0.0000E+00   0.1332E+01   0.0000E+00   0.1332E+01
   15509      413      453   0.0000E+00   0.1794E+02   0.0000E+00   0.1794E+02
   15509      342      453   0.0000E+00   0.4538E+02   0.0000E+00   0.4538E+02
   15509      343      453   0.0000E+00   0.5123E+02   0.0000E+00   0.5123E+02
   15514      354      389   0.0000E+00   0.1541E+01   0.0000E+00   0.1541E+01
   15514      355      389   0.0000E+00   0.1221E+00   0.0000E+00   0.1221E+00
   15514      401      389   0.0000E+00   0.7838E-01   0.0000E+00   0.7838E-01
   15517      416      452   0.0000E+00   0.1271E+01   0.0000E+00   0.1271E+01
   15517      341      452   0.0000E+00   0.2489E+02   0.0000E+00   0.2489E+02
   15517      342      452   0.0000E+00   0.1960E+01   0.0000E+00   0.1960E+01
   15520      347      434   0.0000E+00   0.1398E+03   0.0000E+00   0.1398E+03
   15520      348      434   0.0000E+00   0.1072E+03   0.0000E+00   0.1072E+03
   15520      336      434   0.0000E+00   0.3319E+02   0.0000E+00   0.3319E+02
   15521      410      439   0.0000E+00   0.1552E+01   0.0000E+00   0.1552E+01
   15521      344      439   0.0000E+00   0.1017E+02   0.0000E+00   0.1017E+02
   15521      407      439   0.0000E+00   0.5961E+00   0.0000E+00   0.5961E+00
   15523      386      353   0.0000E+00   0.4331E+02   0.0000E+00   0.4331E+02
   15523      349      353   0.0000E+00   0.3977E+02   0.0000E+00   0.3977E+02
   15523      350      353   0.0000E+00   0.1353E+03   0.0000E+00   0.1353E+03
   15535      341      349   0.0000E+00   0.1588E+01   0.0000E+00   0.1588E+01
   15535      419      349   0.0000E+00   0.1029E+01   0.0000E+00   0.1029E+01
   15535      340      349   0.0000E+00   0.2017E+02   0.0000E+00   0.2017E+02
   15552      395      387   0.0000E+00   0.1095E+01   0.0000E+00   0.1095E+01
   15552      352      387   0.0000E+00   0.2149E+02   0.0000E+00   0.2149E+02
   15552      353      387   0.0000E+00   0.1690E+01   0.0000E+00   0.1690E+01
   15584      392      428   0.0000E+00   0.6701E+00   0.0000E+00   0.6701E+00
   15584      389      428   0.0000E+00   0.1703E+01   0.0000E+00   0.1703E+01
   15584      351      428   0.0000E+00   0.1231E+02   0.0000E+00   0.1231E+02
   15585      410      439   0.0000E+00   0.4182E+02   0.0000E+00   0.4182E+02
   15585      343      439   0.0000E+00   0.6358E+02   0.0000E+00   0.6358E+02
   15585      344      439   0.0000E+00   0.1141E+03   0.0000E+00   0.1141E+03
   15586      343      453   0.0000E+00   0.1808E+02   0.0000E+00   0.1808E+02
   15586      410      453   0.0000E+00   0.1005E+01   0.0000E+00   0.1005E+01
   15586      413      453   0.0000E+00   0.2572E+01   0.0000E+00   0.2572E+01
   15588      344      366   0.0000E+00   0.3855E+02   0.0000E+00   0.3855E+02
   15588      345      366   0.0000E+00   0.1158E+02   0.0000E+00   0.1158E+02
   15588      407      366   0.0000E+00   0.7243E+01   0.0000E+00   0.7243E+01
   15601      398      389   0.0000E+00   0.6583E+00   0.0000E+00   0.6583E+00
   15601      353      389   0.0000E+00   0.1291E+02   0.0000E+00   0.1291E+02
   15601      354      389   0.0000E+00   0.1016E+01   0.0000E+00   0.1016E+01
   15603      413      452   0.0000E+00   0.5116E+00   0.0000E+00   0.5116E+00
   15603      416      452   0.0000E+00   0.1305E+01   0.0000E+00   0.1305E+01
   15603      342      452   0.0000E+00   0.9287E+01   0.0000E+00   0.9287E+01
   TOTAL                     0.0000E+00   0.2508E+04   0.0000E+00   0.2508E+04

   TOTAL NUMBER OF ACTIVE CONTACT ELEMENT(S) =    21

     TIME FOR AL CONTACT OPERATIONS (Results) . . . . .=       0


             D I S P L A C E M E N T S

     NODE X-DISPL.     Y-DISPL.     Z-DISPL.     XX-ROT.      YY-ROT.      ZZ-ROT.


 MINIMUM/MAXIMUM DISPLACEMENTS

  NODE      3074         2985         2708            0            0            0
  MIN.  -1.50071E-05 -3.87807E-04 -1.33144E-03   0.0000       0.0000       0.0000    

  NODE      3063         2740          506            0            0            0
  MAX.   1.90955E-05  2.29876E-04  1.35471E-06   0.0000       0.0000       0.0000    

 MAXIMUM RESULTANT DISPLACEMENT

  NODE      2708
  MAX.   1.34959E-03




********************************************************************************
         R E A C T I O N   F O R C E   F O R   LOAD CASE NO.  1
********************************************************************************

    NODE CSYS    Fx         Fy         Fz         Mx         My         Mz

 FOR REQUESTED                 (Global Cartesian Coord. System)
    NODES         FX         FY         FZ         MX         MY         MZ
 Total React. 0.1526E-04 0.1000E+04 0.1000E+04 0.0000E+00 0.0000E+00 0.0000E+00
  



********************************************************************************
 MAXIMUM NODAL VON MISES STRESS & ERROR ESTIMATE FOR LOAD CASE   1
********************************************************************************

  NODE      3298
  MAX.     0.42170E+09



   E R R O R    E S T I M A T I O N
   (for requested elements)

   Total Strain Energy (TSE)        =  0.687249E+00
   Total Error Energy (TEE)         =  0.313944E+00
   Ave. Percentage Error (APE)      =  0.431205E+02
     ( APE =  sqrt (TEE/(TSE*2. + TEE)) * 100. )

  S O L U T I O N   T I M E   L O G   I N   S E C
            FOR PROBLEM
     TIME FOR INPUT PHASE  . . . . . . . . . . . . . . =       1
     TIME FOR CALCULATION OF STRUCTURE STIFFNESS MATRIX=       0
     TIME FOR FFEPLUS (PCG ITERATIVE) SOLVER . . . . . =       8
     TIME FOR AL CONTACT (AND/OR LARGE DISP) OPERATIONS=       0
     TIME FOR REACTION FORCE & DISP UPDATE TO POST . . =       0
     TIME FOR STRESS CALCULATION . . . . . . . . . . . =       0
     TIME FOR LOAD CASE SOLUTIONS  . . . . . . . . . . =       0
      T O T A L   S O L U T I O N   T I M E  . . . . . =      11



T O T A L   S O L U T I O N   T I M E (sec) . . . . =      11
